<?xml version="1.0" encoding="UTF-8"?>
<!-- Generated by org.testng.reporters.JUnitXMLReporter -->
<testsuite hostname="INLN34419698A" ignored="0" name="OrangeHRMTest" tests="5" failures="0" timestamp="20 Jul 2019 16:12:19 GMT" time="0.106" errors="0">
  <testcase name="@BeforeMethod setUp" time="0.059" classname="com.openhrm.qa.testcases.LoginPageTest">
    <failure type="java.lang.IllegalStateException" message="The driver executable does not exist: E:\browserdriver\chromedriver45\chromedriver.exe">
      <![CDATA[java.lang.IllegalStateException: The driver executable does not exist: E:\browserdriver\chromedriver45\chromedriver.exe
at com.google.common.base.Preconditions.checkState(Preconditions.java:585)
at org.openqa.selenium.remote.service.DriverService.checkExecutable(DriverService.java:137)
at org.openqa.selenium.remote.service.DriverService.findExecutable(DriverService.java:132)
at org.openqa.selenium.chrome.ChromeDriverService.access$000(ChromeDriverService.java:35)
at org.openqa.selenium.chrome.ChromeDriverService$Builder.findDefaultExecutable(ChromeDriverService.java:156)
at org.openqa.selenium.remote.service.DriverService$Builder.build(DriverService.java:346)
at org.openqa.selenium.chrome.ChromeDriverService.createDefaultService(ChromeDriverService.java:91)
at org.openqa.selenium.chrome.ChromeDriver.<init>(ChromeDriver.java:123)
at com.openhrm.qa.base.TestBase.initialization(TestBase.java:42)
at com.openhrm.qa.testcases.LoginPageTest.setUp(LoginPageTest.java:29)
... Removed 28 stack frames]]>
    </failure>
  </testcase> <!-- @BeforeMethod setUp -->
  <testcase name="@AfterMethod tearDown" time="0.0" classname="com.openhrm.qa.testcases.LoginPageTest">
    <skipped/>
  </testcase> <!-- @AfterMethod tearDown -->
  <testcase name="@BeforeMethod setUp" time="0.005" classname="com.openhrm.qa.testcases.HomePageTest">
    <failure type="java.lang.IllegalStateException" message="The driver executable does not exist: E:\browserdriver\chromedriver45\chromedriver.exe">
      <![CDATA[java.lang.IllegalStateException: The driver executable does not exist: E:\browserdriver\chromedriver45\chromedriver.exe
at com.google.common.base.Preconditions.checkState(Preconditions.java:585)
at org.openqa.selenium.remote.service.DriverService.checkExecutable(DriverService.java:137)
at org.openqa.selenium.remote.service.DriverService.findExecutable(DriverService.java:132)
at org.openqa.selenium.chrome.ChromeDriverService.access$000(ChromeDriverService.java:35)
at org.openqa.selenium.chrome.ChromeDriverService$Builder.findDefaultExecutable(ChromeDriverService.java:156)
at org.openqa.selenium.remote.service.DriverService$Builder.build(DriverService.java:346)
at org.openqa.selenium.chrome.ChromeDriverService.createDefaultService(ChromeDriverService.java:91)
at org.openqa.selenium.chrome.ChromeDriver.<init>(ChromeDriver.java:123)
at com.openhrm.qa.base.TestBase.initialization(TestBase.java:42)
at com.openhrm.qa.testcases.HomePageTest.setUp(HomePageTest.java:29)
... Removed 28 stack frames]]>
    </failure>
  </testcase> <!-- @BeforeMethod setUp -->
  <testcase name="@AfterMethod tearDown" time="0.0" classname="com.openhrm.qa.testcases.HomePageTest">
    <skipped/>
  </testcase> <!-- @AfterMethod tearDown -->
  <testcase name="@BeforeMethod setUp" time="0.0" classname="com.openhrm.qa.testcases.LoginPageTest">
    <skipped/>
  </testcase> <!-- @BeforeMethod setUp -->
  <testcase name="@AfterMethod tearDown" time="0.0" classname="com.openhrm.qa.testcases.LoginPageTest">
    <skipped/>
  </testcase> <!-- @AfterMethod tearDown -->
  <testcase name="@BeforeMethod setUp" time="0.0" classname="com.openhrm.qa.testcases.HomePageTest">
    <skipped/>
  </testcase> <!-- @BeforeMethod setUp -->
  <testcase name="@AfterMethod tearDown" time="0.0" classname="com.openhrm.qa.testcases.HomePageTest">
    <skipped/>
  </testcase> <!-- @AfterMethod tearDown -->
  <testcase name="@BeforeMethod setUp" time="0.0" classname="com.openhrm.qa.testcases.LoginPageTest">
    <skipped/>
  </testcase> <!-- @BeforeMethod setUp -->
  <testcase name="@AfterMethod tearDown" time="0.0" classname="com.openhrm.qa.testcases.LoginPageTest">
    <skipped/>
  </testcase> <!-- @AfterMethod tearDown -->
  <testcase name="loginpageTitleTest" time="0.0" classname="com.openhrm.qa.testcases.LoginPageTest">
    <skipped/>
  </testcase> <!-- loginpageTitleTest -->
  <testcase name="userValidateTest" time="0.0" classname="com.openhrm.qa.testcases.HomePageTest">
    <skipped/>
  </testcase> <!-- userValidateTest -->
  <testcase name="loginpagelogoTest" time="0.0" classname="com.openhrm.qa.testcases.LoginPageTest">
    <skipped/>
  </testcase> <!-- loginpagelogoTest -->
  <testcase name="admintabClickTest" time="0.0" classname="com.openhrm.qa.testcases.HomePageTest">
    <skipped/>
  </testcase> <!-- admintabClickTest -->
  <testcase name="loginTest" time="0.0" classname="com.openhrm.qa.testcases.LoginPageTest">
    <skipped/>
  </testcase> <!-- loginTest -->
</testsuite> <!-- OrangeHRMTest -->
